{
  "RSpec": {
    "coverage": {
      "/home/beaming-installation-9168/tic-tac-toe-rb-ruby-apply-000/lib/tic_tac_toe.rb": [
        null,
        1,
        null,
        null,
        null,
        null,
        null,
        null,
        null,
        null,
        null,
        1,
        21,
        138,
        138,
        138,
        null,
        138,
        138,
        138,
        null,
        138,
        7,
        131,
        2,
        null,
        null,
        12,
        null,
        1,
        79,
        null,
        null,
        1,
        8,
        2,
        null,
        6,
        null,
        null,
        null,
        1,
        11,
        7,
        null,
        4,
        null,
        null,
        null,
        1,
        3,
        3,
        3,
        null,
        null,
        2,
        1,
        null,
        1,
        null,
        null,
        null,
        1,
        5,
        5,
        5,
        5,
        5,
        null,
        null,
        1,
        13,
        13,
        13,
        null,
        1,
        3,
        3,
        null,
        1,
        4,
        2,
        null,
        2,
        null,
        null,
        null,
        1,
        13,
        13,
        12,
        null,
        1,
        null,
        null,
        null,
        13,
        12,
        10,
        null,
        2,
        null,
        null,
        null,
        13,
        10,
        null,
        3,
        null,
        null,
        1,
        10,
        10,
        10,
        10,
        9,
        0,
        null,
        1,
        null,
        null,
        1,
        2,
        2,
        18,
        5,
        null,
        null,
        2,
        null,
        null,
        1,
        1,
        1,
        1,
        null,
        0,
        null,
        null,
        1,
        12,
        12,
        7,
        null,
        null
      ]
    },
    "timestamp": 1589316112
  }
}
